2015-05-06 11:56:57 Error: [Cake\Routing\Exception\MissingControllerException] Controller class 023 could not be found.
Exception Attributes: array (
  'class' => '023',
  'plugin' => NULL,
  'prefix' => NULL,
  '_ext' => NULL,
)
Request URL: /Xeta/023
Stack Trace:
#0 Z:\Dropbox\Sites\Xeta\webroot\index.php(37): Cake\Routing\Dispatcher->dispatch(Object(Cake\Network\Request), Object(Cake\Network\Response))
#1 {main}


2015-05-06 11:57:03 Error: [Cake\Routing\Exception\MissingControllerException] Controller class 023 could not be found.
Exception Attributes: array (
  'class' => '023',
  'plugin' => NULL,
  'prefix' => NULL,
  '_ext' => NULL,
)
Request URL: /Xeta/023
Stack Trace:
#0 Z:\Dropbox\Sites\Xeta\webroot\index.php(37): Cake\Routing\Dispatcher->dispatch(Object(Cake\Network\Request), Object(Cake\Network\Response))
#1 {main}


2015-05-06 11:58:11 Error: [Cake\Routing\Exception\MissingControllerException] Controller class Cs-la-chevre could not be found.
Exception Attributes: array (
  'class' => 'Cs-la-chevre',
  'plugin' => NULL,
  'prefix' => NULL,
  '_ext' => NULL,
)
Request URL: /Xeta/cs-la-chevre
Stack Trace:
#0 Z:\Dropbox\Sites\Xeta\webroot\index.php(37): Cake\Routing\Dispatcher->dispatch(Object(Cake\Network\Request), Object(Cake\Network\Response))
#1 {main}


